Using pre-set license
Built from '2020.3/staging' branch; Version is '2020.3.13f1 (71691879b7f5) revision 7432472'; Using compiler version '192528614'; Build Type 'Release'
OS: 'Windows 10 Home; OS build 19042.1466; Version 2009; 64bit' Language: 'en' Physical Memory: 32683 MB
BatchMode: 1, IsHumanControllingUs: 0, StartBugReporterOnCrash: 0, Is64bit: 1, IsPro: 0

 COMMAND LINE ARGUMENTS:
C:\Program Files\Unity\Hub\Editor\2020.3.13f1\Editor\Unity.exe
-adb2
-batchMode
-noUpm
-name
AssetImportWorker0
-projectPath
C:/Users/vande/Documents/GitHub/Advanced-Game-Dev-Project/Advanced Game Development Game
-logFile
Logs/AssetImportWorker0.log
-srvPort
54325
Successfully changed project path to: C:/Users/vande/Documents/GitHub/Advanced-Game-Dev-Project/Advanced Game Development Game
C:/Users/vande/Documents/GitHub/Advanced-Game-Dev-Project/Advanced Game Development Game
Using Asset Import Pipeline V2.
Refreshing native plugins compatible for Editor in 30.39 ms, found 2 plugins.
Preloading 0 native plugins for Editor in 0.00 ms.
Initialize engine version: 2020.3.13f1 (71691879b7f5)
[Subsystems] Discovering subsystems at path C:/Program Files/Unity/Hub/Editor/2020.3.13f1/Editor/Data/Resources/UnitySubsystems
[Subsystems] Discovering subsystems at path C:/Users/vande/Documents/GitHub/Advanced-Game-Dev-Project/Advanced Game Development Game/Assets
GfxDevice: creating device client; threaded=0
Direct3D:
    Version:  Direct3D 11.0 [level 11.1]
    Renderer: NVIDIA GeForce GTX 1080 (ID=0x1b80)
    Vendor:   
    VRAM:     8079 MB
    Driver:   30.0.14.7111
Initialize mono
Mono path[0] = 'C:/Program Files/Unity/Hub/Editor/2020.3.13f1/Editor/Data/Managed'
Mono path[1] = 'C:/Program Files/Unity/Hub/Editor/2020.3.13f1/Editor/Data/MonoBleedingEdge/lib/mono/unityjit'
Mono config path = 'C:/Program Files/Unity/Hub/Editor/2020.3.13f1/Editor/Data/MonoBleedingEdge/etc'
Using monoOptions --debugger-agent=transport=dt_socket,embedding=1,server=y,suspend=n,address=127.0.0.1:56676
Begin MonoManager ReloadAssembly
Registering precompiled unity dll's ...
Register platform support module: C:/Program Files/Unity/Hub/Editor/2020.3.13f1/Editor/Data/PlaybackEngines/WindowsStandaloneSupport/UnityEditor.WindowsStandalone.Extensions.dll
Registered in 0.002747 seconds.
Native extension for WindowsStandalone target not found
Refreshing native plugins compatible for Editor in 32.86 ms, found 2 plugins.
Preloading 0 native plugins for Editor in 0.00 ms.
Mono: successfully reloaded assembly
- Completed reload, in  2.168 seconds
Platform modules already initialized, skipping
Registering precompiled user dll's ...
Registered in 0.005684 seconds.
Begin MonoManager ReloadAssembly
Native extension for WindowsStandalone target not found
Refreshing native plugins compatible for Editor in 0.46 ms, found 2 plugins.
Preloading 0 native plugins for Editor in 0.00 ms.
Mono: successfully reloaded assembly
- Completed reload, in  1.605 seconds
Platform modules already initialized, skipping
========================================================================
Worker process is ready to serve import requests
Launched and connected shader compiler UnityShaderCompiler.exe after 0.05 seconds
Refreshing native plugins compatible for Editor in 0.32 ms, found 2 plugins.
Preloading 0 native plugins for Editor in 0.00 ms.
Unloading 1780 Unused Serialized files (Serialized files now loaded: 0)
System memory in use before: 84.9 MB.
System memory in use after: 85.0 MB.

Unloading 20 unused Assets to reduce memory usage. Loaded Objects now: 2214.
Total: 2.449400 ms (FindLiveObjects: 0.276800 ms CreateObjectMapping: 0.109000 ms MarkObjects: 1.974400 ms  DeleteObjects: 0.087900 ms)

AssetImportParameters requested are different than current active one (requested -> active):
  custom:framework-win-MediaFoundation: 216162199b28c13a410421893ffa2e32 -> 
  custom:video-decoder-ogg-theora: a1e56fd34408186e4bbccfd4996cb3dc -> 
  custom:container-muxer-webm: aa71ff27fc2769a1b78a27578f13a17b -> 
  custom:container-demuxer-webm: 4f35f7cbe854078d1ac9338744f61a02 -> 
  custom:container-demuxer-ogg: 62fdf1f143b41e24485cea50d1cbac27 -> 
  custom:video-encoder-webm-vp8: eb34c28f22e8b96e1ab97ce403110664 -> 
  custom:video-codec-MediaFoundation-h265: 746d11721c4dcdbdad8f713fa42b33f4 -> 
  custom:video-decoder-webm-vp8: 9c59270c3fd7afecdb556c50c9e8de78 -> 
  custom:audio-decoder-ogg-vorbis: bf7c407c2cedff20999df2af8eb42d56 -> 
  custom:audio-encoder-webm-vorbis: bf7c407c2cedff20999df2af8eb42d56 -> 
========================================================================
Received Import Request.
  path: Assets/Animation Model Prefabs/RunningForward.fbx
  artifactKey: Guid(efe7a0a236683934888bb5a9435d866e) Importer(815301076,1909f56bfc062723c751e8b465ee728b)
Start importing Assets/Animation Model Prefabs/RunningForward.fbx using Guid(efe7a0a236683934888bb5a9435d866e) Importer(815301076,1909f56bfc062723c751e8b465ee728b)  -> (artifact id: '319f3451472ebc588781752e4eaf81fc') in 0.167014 seconds 
  Import took 0.169998 seconds .

========================================================================
Received Import Request.
  Time since last request: 26.390810 seconds.
  path: Assets/Animation Model Prefabs/RunningForward.fbx
  artifactKey: Guid(efe7a0a236683934888bb5a9435d866e) Importer(815301076,1909f56bfc062723c751e8b465ee728b)
Start importing Assets/Animation Model Prefabs/RunningForward.fbx using Guid(efe7a0a236683934888bb5a9435d866e) Importer(815301076,1909f56bfc062723c751e8b465ee728b)  -> (artifact id: '68cb53635cd6bfe5d25719e4844c8d07') in 0.037631 seconds 
  Import took 0.042982 seconds .

========================================================================
Received Prepare
Registering precompiled user dll's ...
Registered in 0.006441 seconds.
Begin MonoManager ReloadAssembly
Native extension for WindowsStandalone target not found
Refreshing native plugins compatible for Editor in 0.63 ms, found 2 plugins.
Preloading 0 native plugins for Editor in 0.00 ms.
Mono: successfully reloaded assembly
- Completed reload, in  1.027 seconds
Platform modules already initialized, skipping
Refreshing native plugins compatible for Editor in 0.71 ms, found 2 plugins.
Preloading 0 native plugins for Editor in 0.00 ms.
Unloading 1773 Unused Serialized files (Serialized files now loaded: 0)
System memory in use before: 101.5 MB.
System memory in use after: 101.6 MB.

Unloading 16 unused Assets to reduce memory usage. Loaded Objects now: 2228.
Total: 2.413900 ms (FindLiveObjects: 0.191200 ms CreateObjectMapping: 0.071400 ms MarkObjects: 2.095800 ms  DeleteObjects: 0.054100 ms)

AssetImportParameters requested are different than current active one (requested -> active):
  custom:framework-win-MediaFoundation: 216162199b28c13a410421893ffa2e32 -> 
  custom:video-decoder-ogg-theora: a1e56fd34408186e4bbccfd4996cb3dc -> 
  custom:container-muxer-webm: aa71ff27fc2769a1b78a27578f13a17b -> 
  custom:container-demuxer-webm: 4f35f7cbe854078d1ac9338744f61a02 -> 
  custom:container-demuxer-ogg: 62fdf1f143b41e24485cea50d1cbac27 -> 
  custom:video-encoder-webm-vp8: eb34c28f22e8b96e1ab97ce403110664 -> 
  custom:video-codec-MediaFoundation-h265: 746d11721c4dcdbdad8f713fa42b33f4 -> 
  custom:video-decoder-webm-vp8: 9c59270c3fd7afecdb556c50c9e8de78 -> 
  custom:audio-decoder-ogg-vorbis: bf7c407c2cedff20999df2af8eb42d56 -> 
  custom:audio-encoder-webm-vorbis: bf7c407c2cedff20999df2af8eb42d56 -> 
========================================================================
Received Import Request.
  Time since last request: 242.882365 seconds.
  path: Assets/Animation Model Prefabs/RunningForward.fbx
  artifactKey: Guid(efe7a0a236683934888bb5a9435d866e) Importer(815301076,1909f56bfc062723c751e8b465ee728b)
Start importing Assets/Animation Model Prefabs/RunningForward.fbx using Guid(efe7a0a236683934888bb5a9435d866e) Importer(815301076,1909f56bfc062723c751e8b465ee728b)  -> (artifact id: 'e0fa5572f450fc93a0b5acd84e453e6e') in 0.077234 seconds 
  Import took 0.080313 seconds .

========================================================================
Received Prepare
Registering precompiled user dll's ...
Registered in 0.006637 seconds.
Begin MonoManager ReloadAssembly
Native extension for WindowsStandalone target not found
Refreshing native plugins compatible for Editor in 0.38 ms, found 2 plugins.
Preloading 0 native plugins for Editor in 0.00 ms.
Mono: successfully reloaded assembly
- Completed reload, in  1.319 seconds
Platform modules already initialized, skipping
Refreshing native plugins compatible for Editor in 0.37 ms, found 2 plugins.
Preloading 0 native plugins for Editor in 0.00 ms.
Unloading 1773 Unused Serialized files (Serialized files now loaded: 0)
System memory in use before: 101.6 MB.
System memory in use after: 101.7 MB.

Unloading 16 unused Assets to reduce memory usage. Loaded Objects now: 2232.
Total: 2.424000 ms (FindLiveObjects: 0.195700 ms CreateObjectMapping: 0.067100 ms MarkObjects: 2.052400 ms  DeleteObjects: 0.107100 ms)

AssetImportParameters requested are different than current active one (requested -> active):
  custom:framework-win-MediaFoundation: 216162199b28c13a410421893ffa2e32 -> 
  custom:video-decoder-ogg-theora: a1e56fd34408186e4bbccfd4996cb3dc -> 
  custom:container-muxer-webm: aa71ff27fc2769a1b78a27578f13a17b -> 
  custom:container-demuxer-webm: 4f35f7cbe854078d1ac9338744f61a02 -> 
  custom:container-demuxer-ogg: 62fdf1f143b41e24485cea50d1cbac27 -> 
  custom:video-encoder-webm-vp8: eb34c28f22e8b96e1ab97ce403110664 -> 
  custom:video-codec-MediaFoundation-h265: 746d11721c4dcdbdad8f713fa42b33f4 -> 
  custom:video-decoder-webm-vp8: 9c59270c3fd7afecdb556c50c9e8de78 -> 
  custom:audio-decoder-ogg-vorbis: bf7c407c2cedff20999df2af8eb42d56 -> 
  custom:audio-encoder-webm-vorbis: bf7c407c2cedff20999df2af8eb42d56 -> 
========================================================================
Received Prepare
Registering precompiled user dll's ...
Registered in 0.006829 seconds.
Begin MonoManager ReloadAssembly
Native extension for WindowsStandalone target not found
Refreshing native plugins compatible for Editor in 0.40 ms, found 2 plugins.
Preloading 0 native plugins for Editor in 0.00 ms.
Mono: successfully reloaded assembly
- Completed reload, in  1.350 seconds
Platform modules already initialized, skipping
Refreshing native plugins compatible for Editor in 0.64 ms, found 2 plugins.
Preloading 0 native plugins for Editor in 0.00 ms.
Unloading 1773 Unused Serialized files (Serialized files now loaded: 0)
System memory in use before: 101.6 MB.
System memory in use after: 101.7 MB.

Unloading 15 unused Assets to reduce memory usage. Loaded Objects now: 2235.
Total: 2.191000 ms (FindLiveObjects: 0.205800 ms CreateObjectMapping: 0.078700 ms MarkObjects: 1.801500 ms  DeleteObjects: 0.103600 ms)

AssetImportParameters requested are different than current active one (requested -> active):
  custom:framework-win-MediaFoundation: 216162199b28c13a410421893ffa2e32 -> 
  custom:video-decoder-ogg-theora: a1e56fd34408186e4bbccfd4996cb3dc -> 
  custom:container-muxer-webm: aa71ff27fc2769a1b78a27578f13a17b -> 
  custom:container-demuxer-webm: 4f35f7cbe854078d1ac9338744f61a02 -> 
  custom:container-demuxer-ogg: 62fdf1f143b41e24485cea50d1cbac27 -> 
  custom:video-encoder-webm-vp8: eb34c28f22e8b96e1ab97ce403110664 -> 
  custom:video-codec-MediaFoundation-h265: 746d11721c4dcdbdad8f713fa42b33f4 -> 
  custom:video-decoder-webm-vp8: 9c59270c3fd7afecdb556c50c9e8de78 -> 
  custom:audio-decoder-ogg-vorbis: bf7c407c2cedff20999df2af8eb42d56 -> 
  custom:audio-encoder-webm-vorbis: bf7c407c2cedff20999df2af8eb42d56 -> 
========================================================================
Received Import Request.
  Time since last request: 525.765534 seconds.
  path: Assets/Animation Model Prefabs/Idle.fbx
  artifactKey: Guid(a1cf871a587a7424a86e36079cd31ff1) Importer(815301076,1909f56bfc062723c751e8b465ee728b)
Start importing Assets/Animation Model Prefabs/Idle.fbx using Guid(a1cf871a587a7424a86e36079cd31ff1) Importer(815301076,1909f56bfc062723c751e8b465ee728b)  -> (artifact id: '2cb1715d502e6c8bae3e1ebc98271279') in 0.073208 seconds 
  Import took 0.076277 seconds .

========================================================================
Received Prepare
Registering precompiled user dll's ...
Registered in 0.006317 seconds.
Begin MonoManager ReloadAssembly
Native extension for WindowsStandalone target not found
Refreshing native plugins compatible for Editor in 0.42 ms, found 2 plugins.
Preloading 0 native plugins for Editor in 0.00 ms.
Mono: successfully reloaded assembly
- Completed reload, in  1.329 seconds
Platform modules already initialized, skipping
Refreshing native plugins compatible for Editor in 0.38 ms, found 2 plugins.
Preloading 0 native plugins for Editor in 0.00 ms.
Unloading 1773 Unused Serialized files (Serialized files now loaded: 0)
System memory in use before: 101.6 MB.
System memory in use after: 101.7 MB.

Unloading 16 unused Assets to reduce memory usage. Loaded Objects now: 2239.
Total: 3.329500 ms (FindLiveObjects: 0.235400 ms CreateObjectMapping: 0.162600 ms MarkObjects: 2.868600 ms  DeleteObjects: 0.061600 ms)

AssetImportParameters requested are different than current active one (requested -> active):
  custom:framework-win-MediaFoundation: 216162199b28c13a410421893ffa2e32 -> 
  custom:video-decoder-ogg-theora: a1e56fd34408186e4bbccfd4996cb3dc -> 
  custom:container-muxer-webm: aa71ff27fc2769a1b78a27578f13a17b -> 
  custom:container-demuxer-webm: 4f35f7cbe854078d1ac9338744f61a02 -> 
  custom:container-demuxer-ogg: 62fdf1f143b41e24485cea50d1cbac27 -> 
  custom:video-encoder-webm-vp8: eb34c28f22e8b96e1ab97ce403110664 -> 
  custom:video-codec-MediaFoundation-h265: 746d11721c4dcdbdad8f713fa42b33f4 -> 
  custom:video-decoder-webm-vp8: 9c59270c3fd7afecdb556c50c9e8de78 -> 
  custom:audio-decoder-ogg-vorbis: bf7c407c2cedff20999df2af8eb42d56 -> 
  custom:audio-encoder-webm-vorbis: bf7c407c2cedff20999df2af8eb42d56 -> 
========================================================================
Received Prepare
Registering precompiled user dll's ...
Registered in 0.004677 seconds.
Begin MonoManager ReloadAssembly
Native extension for WindowsStandalone target not found
Refreshing native plugins compatible for Editor in 0.35 ms, found 2 plugins.
Preloading 0 native plugins for Editor in 0.00 ms.
Mono: successfully reloaded assembly
- Completed reload, in  1.284 seconds
Platform modules already initialized, skipping
Refreshing native plugins compatible for Editor in 0.35 ms, found 2 plugins.
Preloading 0 native plugins for Editor in 0.00 ms.
Unloading 1773 Unused Serialized files (Serialized files now loaded: 0)
System memory in use before: 101.6 MB.
System memory in use after: 101.7 MB.

Unloading 15 unused Assets to reduce memory usage. Loaded Objects now: 2242.
Total: 2.423000 ms (FindLiveObjects: 0.204800 ms CreateObjectMapping: 0.104300 ms MarkObjects: 2.064700 ms  DeleteObjects: 0.047800 ms)

AssetImportParameters requested are different than current active one (requested -> active):
  custom:framework-win-MediaFoundation: 216162199b28c13a410421893ffa2e32 -> 
  custom:video-decoder-ogg-theora: a1e56fd34408186e4bbccfd4996cb3dc -> 
  custom:container-muxer-webm: aa71ff27fc2769a1b78a27578f13a17b -> 
  custom:container-demuxer-webm: 4f35f7cbe854078d1ac9338744f61a02 -> 
  custom:container-demuxer-ogg: 62fdf1f143b41e24485cea50d1cbac27 -> 
  custom:video-encoder-webm-vp8: eb34c28f22e8b96e1ab97ce403110664 -> 
  custom:video-codec-MediaFoundation-h265: 746d11721c4dcdbdad8f713fa42b33f4 -> 
  custom:video-decoder-webm-vp8: 9c59270c3fd7afecdb556c50c9e8de78 -> 
  custom:audio-decoder-ogg-vorbis: bf7c407c2cedff20999df2af8eb42d56 -> 
  custom:audio-encoder-webm-vorbis: bf7c407c2cedff20999df2af8eb42d56 -> 
========================================================================
Received Import Request.
  Time since last request: 58.497558 seconds.
  path: Assets/Animations/PlayerAnimator.controller
  artifactKey: Guid(4232de1b5e314024cb683e9ed09354b8) Importer(815301076,1909f56bfc062723c751e8b465ee728b)
Start importing Assets/Animations/PlayerAnimator.controller using Guid(4232de1b5e314024cb683e9ed09354b8) Importer(815301076,1909f56bfc062723c751e8b465ee728b)  -> (artifact id: 'c0948f93fb937a3b6a8c1ca11e7aa0ba') in 0.117813 seconds 
  Import took 0.121883 seconds .

========================================================================
Received Prepare
Registering precompiled user dll's ...
Registered in 0.004588 seconds.
Begin MonoManager ReloadAssembly
Native extension for WindowsStandalone target not found
Refreshing native plugins compatible for Editor in 0.58 ms, found 2 plugins.
Preloading 0 native plugins for Editor in 0.00 ms.
Mono: successfully reloaded assembly
- Completed reload, in  1.040 seconds
Platform modules already initialized, skipping
Refreshing native plugins compatible for Editor in 0.61 ms, found 2 plugins.
Preloading 0 native plugins for Editor in 0.00 ms.
Unloading 1773 Unused Serialized files (Serialized files now loaded: 0)
System memory in use before: 101.7 MB.
System memory in use after: 101.7 MB.

Unloading 15 unused Assets to reduce memory usage. Loaded Objects now: 2245.
Total: 2.158900 ms (FindLiveObjects: 0.218800 ms CreateObjectMapping: 0.076000 ms MarkObjects: 1.813700 ms  DeleteObjects: 0.049400 ms)

AssetImportParameters requested are different than current active one (requested -> active):
  custom:framework-win-MediaFoundation: 216162199b28c13a410421893ffa2e32 -> 
  custom:video-decoder-ogg-theora: a1e56fd34408186e4bbccfd4996cb3dc -> 
  custom:container-muxer-webm: aa71ff27fc2769a1b78a27578f13a17b -> 
  custom:container-demuxer-webm: 4f35f7cbe854078d1ac9338744f61a02 -> 
  custom:container-demuxer-ogg: 62fdf1f143b41e24485cea50d1cbac27 -> 
  custom:video-encoder-webm-vp8: eb34c28f22e8b96e1ab97ce403110664 -> 
  custom:video-codec-MediaFoundation-h265: 746d11721c4dcdbdad8f713fa42b33f4 -> 
  custom:video-decoder-webm-vp8: 9c59270c3fd7afecdb556c50c9e8de78 -> 
  custom:audio-decoder-ogg-vorbis: bf7c407c2cedff20999df2af8eb42d56 -> 
  custom:audio-encoder-webm-vorbis: bf7c407c2cedff20999df2af8eb42d56 -> 
========================================================================
Received Prepare
Registering precompiled user dll's ...
Registered in 0.005225 seconds.
Begin MonoManager ReloadAssembly
Native extension for WindowsStandalone target not found
Refreshing native plugins compatible for Editor in 0.33 ms, found 2 plugins.
Preloading 0 native plugins for Editor in 0.00 ms.
Mono: successfully reloaded assembly
- Completed reload, in  1.062 seconds
Platform modules already initialized, skipping
Refreshing native plugins compatible for Editor in 0.31 ms, found 2 plugins.
Preloading 0 native plugins for Editor in 0.00 ms.
Unloading 1773 Unused Serialized files (Serialized files now loaded: 0)
System memory in use before: 101.7 MB.
System memory in use after: 101.7 MB.

Unloading 15 unused Assets to reduce memory usage. Loaded Objects now: 2248.
Total: 2.521600 ms (FindLiveObjects: 0.222100 ms CreateObjectMapping: 0.070800 ms MarkObjects: 2.173300 ms  DeleteObjects: 0.053800 ms)

AssetImportParameters requested are different than current active one (requested -> active):
  custom:framework-win-MediaFoundation: 216162199b28c13a410421893ffa2e32 -> 
  custom:video-decoder-ogg-theora: a1e56fd34408186e4bbccfd4996cb3dc -> 
  custom:container-muxer-webm: aa71ff27fc2769a1b78a27578f13a17b -> 
  custom:container-demuxer-webm: 4f35f7cbe854078d1ac9338744f61a02 -> 
  custom:container-demuxer-ogg: 62fdf1f143b41e24485cea50d1cbac27 -> 
  custom:video-encoder-webm-vp8: eb34c28f22e8b96e1ab97ce403110664 -> 
  custom:video-codec-MediaFoundation-h265: 746d11721c4dcdbdad8f713fa42b33f4 -> 
  custom:video-decoder-webm-vp8: 9c59270c3fd7afecdb556c50c9e8de78 -> 
  custom:audio-decoder-ogg-vorbis: bf7c407c2cedff20999df2af8eb42d56 -> 
  custom:audio-encoder-webm-vorbis: bf7c407c2cedff20999df2af8eb42d56 -> 
========================================================================
Received Import Request.
  Time since last request: 216.389136 seconds.
  path: Assets/Animation Model Prefabs/Idle.fbx
  artifactKey: Guid(a1cf871a587a7424a86e36079cd31ff1) Importer(815301076,1909f56bfc062723c751e8b465ee728b)
Start importing Assets/Animation Model Prefabs/Idle.fbx using Guid(a1cf871a587a7424a86e36079cd31ff1) Importer(815301076,1909f56bfc062723c751e8b465ee728b)  -> (artifact id: '7504c7f6dd589ea8649df1ea43df1e70') in 0.082639 seconds 
  Import took 0.085439 seconds .

========================================================================
Received Import Request.
  Time since last request: 717.329993 seconds.
  path: Assets/New Animation Models/New_Idle.fbx
  artifactKey: Guid(71356a9566b329c4aaffbcfa39453706) Importer(815301076,1909f56bfc062723c751e8b465ee728b)
Start importing Assets/New Animation Models/New_Idle.fbx using Guid(71356a9566b329c4aaffbcfa39453706) Importer(815301076,1909f56bfc062723c751e8b465ee728b)  -> (artifact id: 'aaf2c000a5fa9e4a2d26b65d274336cd') in 0.012314 seconds 
  Import took 0.016384 seconds .

========================================================================
Received Import Request.
  Time since last request: 0.001422 seconds.
  path: Assets/New Animation Models/New_Idle.fbx
  artifactKey: Guid(71356a9566b329c4aaffbcfa39453706) Importer(815301076,1909f56bfc062723c751e8b465ee728b)
Start importing Assets/New Animation Models/New_Idle.fbx using Guid(71356a9566b329c4aaffbcfa39453706) Importer(815301076,1909f56bfc062723c751e8b465ee728b)  -> (artifact id: 'aaf2c000a5fa9e4a2d26b65d274336cd') in 0.008081 seconds 
  Import took 0.010672 seconds .

========================================================================
Received Import Request.
  Time since last request: 2.497744 seconds.
  path: Assets/New Animation Models/New_Jump.fbx
  artifactKey: Guid(708042d74aa50d7459bce5d80c45fa29) Importer(815301076,1909f56bfc062723c751e8b465ee728b)
Start importing Assets/New Animation Models/New_Jump.fbx using Guid(708042d74aa50d7459bce5d80c45fa29) Importer(815301076,1909f56bfc062723c751e8b465ee728b)  -> (artifact id: '402b2c0102f340953e5d3af64d8e2e7e') in 0.013416 seconds 
  Import took 0.016327 seconds .

========================================================================
Received Import Request.
  Time since last request: 1.003934 seconds.
  path: Assets/New Animation Models/New_Forward_L.fbx
  artifactKey: Guid(a1e35cbf6864d464d83a438b8a61d43a) Importer(815301076,1909f56bfc062723c751e8b465ee728b)
Start importing Assets/New Animation Models/New_Forward_L.fbx using Guid(a1e35cbf6864d464d83a438b8a61d43a) Importer(815301076,1909f56bfc062723c751e8b465ee728b)  -> (artifact id: 'f9a12019a04ea675ff69c5b023e6834e') in 0.014224 seconds 
  Import took 0.017659 seconds .

========================================================================
Received Import Request.
  Time since last request: 3.440830 seconds.
  path: Assets/New Animation Models/New_Forward_L.fbx
  artifactKey: Guid(a1e35cbf6864d464d83a438b8a61d43a) Importer(815301076,1909f56bfc062723c751e8b465ee728b)
Start importing Assets/New Animation Models/New_Forward_L.fbx using Guid(a1e35cbf6864d464d83a438b8a61d43a) Importer(815301076,1909f56bfc062723c751e8b465ee728b)  -> (artifact id: 'fae0c047ab07e2dd9812f7416689a172') in 0.009440 seconds 
  Import took 0.012202 seconds .

========================================================================
Received Import Request.
  Time since last request: 6.186577 seconds.
  path: Assets/New Animation Models/New_Forward.fbx
  artifactKey: Guid(2d75f6525b257a44da4293f4cc6052ce) Importer(815301076,1909f56bfc062723c751e8b465ee728b)
Start importing Assets/New Animation Models/New_Forward.fbx using Guid(2d75f6525b257a44da4293f4cc6052ce) Importer(815301076,1909f56bfc062723c751e8b465ee728b)  -> (artifact id: '5eb07015229914701f7f521248eff098') in 0.026615 seconds 
  Import took 0.030676 seconds .

========================================================================
Received Import Request.
  Time since last request: 2.042187 seconds.
  path: Assets/New Animation Models/New_Idle.fbx
  artifactKey: Guid(71356a9566b329c4aaffbcfa39453706) Importer(815301076,1909f56bfc062723c751e8b465ee728b)
Start importing Assets/New Animation Models/New_Idle.fbx using Guid(71356a9566b329c4aaffbcfa39453706) Importer(815301076,1909f56bfc062723c751e8b465ee728b)  -> (artifact id: '6f65c7a2270444ffa187233560097472') in 0.006817 seconds 
  Import took 0.009759 seconds .

========================================================================
Received Import Request.
  Time since last request: 9.916707 seconds.
  path: Assets/New Animation Models/New_Forward_R.fbx
  artifactKey: Guid(d64ce7c866ec7c14ba5c9a58d4d817dd) Importer(815301076,1909f56bfc062723c751e8b465ee728b)
Start importing Assets/New Animation Models/New_Forward_R.fbx using Guid(d64ce7c866ec7c14ba5c9a58d4d817dd) Importer(815301076,1909f56bfc062723c751e8b465ee728b)  -> (artifact id: 'a0853b29fdc2b92f26c4ac1468c00602') in 0.009602 seconds 
  Import took 0.012482 seconds .

========================================================================
Received Prepare
Registering precompiled user dll's ...
Registered in 0.008340 seconds.
Begin MonoManager ReloadAssembly
Native extension for WindowsStandalone target not found
Refreshing native plugins compatible for Editor in 0.42 ms, found 2 plugins.
Preloading 0 native plugins for Editor in 0.00 ms.
Mono: successfully reloaded assembly
- Completed reload, in  1.249 seconds
Platform modules already initialized, skipping
Refreshing native plugins compatible for Editor in 0.37 ms, found 2 plugins.
Preloading 0 native plugins for Editor in 0.00 ms.
Unloading 1773 Unused Serialized files (Serialized files now loaded: 0)
System memory in use before: 101.7 MB.
System memory in use after: 101.8 MB.

Unloading 16 unused Assets to reduce memory usage. Loaded Objects now: 2252.
Total: 2.425500 ms (FindLiveObjects: 0.202200 ms CreateObjectMapping: 0.071100 ms MarkObjects: 2.095500 ms  DeleteObjects: 0.055300 ms)

AssetImportParameters requested are different than current active one (requested -> active):
  custom:framework-win-MediaFoundation: 216162199b28c13a410421893ffa2e32 -> 
  custom:video-decoder-ogg-theora: a1e56fd34408186e4bbccfd4996cb3dc -> 
  custom:container-muxer-webm: aa71ff27fc2769a1b78a27578f13a17b -> 
  custom:container-demuxer-webm: 4f35f7cbe854078d1ac9338744f61a02 -> 
  custom:container-demuxer-ogg: 62fdf1f143b41e24485cea50d1cbac27 -> 
  custom:video-encoder-webm-vp8: eb34c28f22e8b96e1ab97ce403110664 -> 
  custom:video-codec-MediaFoundation-h265: 746d11721c4dcdbdad8f713fa42b33f4 -> 
  custom:video-decoder-webm-vp8: 9c59270c3fd7afecdb556c50c9e8de78 -> 
  custom:audio-decoder-ogg-vorbis: bf7c407c2cedff20999df2af8eb42d56 -> 
  custom:audio-encoder-webm-vorbis: bf7c407c2cedff20999df2af8eb42d56 -> 
========================================================================
Received Prepare
Registering precompiled user dll's ...
Registered in 0.005355 seconds.
Begin MonoManager ReloadAssembly
Native extension for WindowsStandalone target not found
Refreshing native plugins compatible for Editor in 0.33 ms, found 2 plugins.
Preloading 0 native plugins for Editor in 0.00 ms.
Mono: successfully reloaded assembly
- Completed reload, in  1.026 seconds
Platform modules already initialized, skipping
Refreshing native plugins compatible for Editor in 0.32 ms, found 2 plugins.
Preloading 0 native plugins for Editor in 0.00 ms.
Unloading 1773 Unused Serialized files (Serialized files now loaded: 0)
System memory in use before: 101.7 MB.
System memory in use after: 101.8 MB.

Unloading 15 unused Assets to reduce memory usage. Loaded Objects now: 2255.
Total: 2.008100 ms (FindLiveObjects: 0.196800 ms CreateObjectMapping: 0.069900 ms MarkObjects: 1.693900 ms  DeleteObjects: 0.046500 ms)

AssetImportParameters requested are different than current active one (requested -> active):
  custom:framework-win-MediaFoundation: 216162199b28c13a410421893ffa2e32 -> 
  custom:video-decoder-ogg-theora: a1e56fd34408186e4bbccfd4996cb3dc -> 
  custom:container-muxer-webm: aa71ff27fc2769a1b78a27578f13a17b -> 
  custom:container-demuxer-webm: 4f35f7cbe854078d1ac9338744f61a02 -> 
  custom:container-demuxer-ogg: 62fdf1f143b41e24485cea50d1cbac27 -> 
  custom:video-encoder-webm-vp8: eb34c28f22e8b96e1ab97ce403110664 -> 
  custom:video-codec-MediaFoundation-h265: 746d11721c4dcdbdad8f713fa42b33f4 -> 
  custom:video-decoder-webm-vp8: 9c59270c3fd7afecdb556c50c9e8de78 -> 
  custom:audio-decoder-ogg-vorbis: bf7c407c2cedff20999df2af8eb42d56 -> 
  custom:audio-encoder-webm-vorbis: bf7c407c2cedff20999df2af8eb42d56 -> 
========================================================================
Received Import Request.
  Time since last request: 564.329593 seconds.
  path: Assets/New Animation Models/New_Jump.fbx
  artifactKey: Guid(708042d74aa50d7459bce5d80c45fa29) Importer(815301076,1909f56bfc062723c751e8b465ee728b)
Start importing Assets/New Animation Models/New_Jump.fbx using Guid(708042d74aa50d7459bce5d80c45fa29) Importer(815301076,1909f56bfc062723c751e8b465ee728b)  -> (artifact id: 'dea88f1ef5d84de79dd16640ad3fdb1f') in 0.026203 seconds 
  Import took 0.029510 seconds .

========================================================================
Received Import Request.
  Time since last request: 0.016502 seconds.
  path: Assets/New Animation Models/New_Jump.fbx
  artifactKey: Guid(708042d74aa50d7459bce5d80c45fa29) Importer(815301076,1909f56bfc062723c751e8b465ee728b)
Start importing Assets/New Animation Models/New_Jump.fbx using Guid(708042d74aa50d7459bce5d80c45fa29) Importer(815301076,1909f56bfc062723c751e8b465ee728b)  -> (artifact id: 'dea88f1ef5d84de79dd16640ad3fdb1f') in 0.005709 seconds 
  Import took 0.008675 seconds .

========================================================================
Received Prepare
Registering precompiled user dll's ...
Registered in 0.005946 seconds.
Begin MonoManager ReloadAssembly
Native extension for WindowsStandalone target not found
Refreshing native plugins compatible for Editor in 0.33 ms, found 2 plugins.
Preloading 0 native plugins for Editor in 0.00 ms.
Mono: successfully reloaded assembly
- Completed reload, in  1.100 seconds
Platform modules already initialized, skipping
Refreshing native plugins compatible for Editor in 0.33 ms, found 2 plugins.
Preloading 0 native plugins for Editor in 0.00 ms.
Unloading 1773 Unused Serialized files (Serialized files now loaded: 0)
System memory in use before: 101.7 MB.
System memory in use after: 101.8 MB.

Unloading 15 unused Assets to reduce memory usage. Loaded Objects now: 2258.
Total: 1.967400 ms (FindLiveObjects: 0.163800 ms CreateObjectMapping: 0.055100 ms MarkObjects: 1.699500 ms  DeleteObjects: 0.048100 ms)

AssetImportParameters requested are different than current active one (requested -> active):
  custom:framework-win-MediaFoundation: 216162199b28c13a410421893ffa2e32 -> 
  custom:video-decoder-ogg-theora: a1e56fd34408186e4bbccfd4996cb3dc -> 
  custom:container-muxer-webm: aa71ff27fc2769a1b78a27578f13a17b -> 
  custom:container-demuxer-webm: 4f35f7cbe854078d1ac9338744f61a02 -> 
  custom:container-demuxer-ogg: 62fdf1f143b41e24485cea50d1cbac27 -> 
  custom:video-encoder-webm-vp8: eb34c28f22e8b96e1ab97ce403110664 -> 
  custom:video-codec-MediaFoundation-h265: 746d11721c4dcdbdad8f713fa42b33f4 -> 
  custom:video-decoder-webm-vp8: 9c59270c3fd7afecdb556c50c9e8de78 -> 
  custom:audio-decoder-ogg-vorbis: bf7c407c2cedff20999df2af8eb42d56 -> 
  custom:audio-encoder-webm-vorbis: bf7c407c2cedff20999df2af8eb42d56 -> 
========================================================================
Received Import Request.
  Time since last request: 31.665751 seconds.
  path: Assets/New Animation Models/New_ForwardAvatar.asset
  artifactKey: Guid(fe5d1b545dec2074981ba437b2a6b817) Importer(815301076,1909f56bfc062723c751e8b465ee728b)
Start importing Assets/New Animation Models/New_ForwardAvatar.asset using Guid(fe5d1b545dec2074981ba437b2a6b817) Importer(815301076,1909f56bfc062723c751e8b465ee728b)  -> (artifact id: 'e500cb0d0c323fca70534dcd9f1f4eac') in 0.015372 seconds 
  Import took 0.017788 seconds .

========================================================================
Received Import Request.
  Time since last request: 2.212851 seconds.
  path: Assets/New Animation Models/mixamo.com.anim
  artifactKey: Guid(9556e03987597c248b63e48af78d96ed) Importer(815301076,1909f56bfc062723c751e8b465ee728b)
Start importing Assets/New Animation Models/mixamo.com.anim using Guid(9556e03987597c248b63e48af78d96ed) Importer(815301076,1909f56bfc062723c751e8b465ee728b)  -> (artifact id: '96a6436b42ab2eb6a9472bacbde1c10b') in 0.015475 seconds 
  Import took 0.018836 seconds .

========================================================================
Received Import Request.
  Time since last request: 4.280986 seconds.
  path: Assets/New Animation Models/New_Forward.anim
  artifactKey: Guid(9556e03987597c248b63e48af78d96ed) Importer(815301076,1909f56bfc062723c751e8b465ee728b)
Start importing Assets/New Animation Models/New_Forward.anim using Guid(9556e03987597c248b63e48af78d96ed) Importer(815301076,1909f56bfc062723c751e8b465ee728b)  -> (artifact id: 'eea494a704ae597f692cb523b87e963c') in 0.008099 seconds 
  Import took 0.011488 seconds .

========================================================================
Received Import Request.
  Time since last request: 36.604195 seconds.
  path: Assets/New Animation Models/New_Backward_R.fbx
  artifactKey: Guid(71bad6724bb6d5443a627ff5569a61f1) Importer(815301076,1909f56bfc062723c751e8b465ee728b)
Start importing Assets/New Animation Models/New_Backward_R.fbx using Guid(71bad6724bb6d5443a627ff5569a61f1) Importer(815301076,1909f56bfc062723c751e8b465ee728b)  -> (artifact id: '190614c014b18c5e53cd4e06eacbe1fb') in 0.021042 seconds 
  Import took 0.024049 seconds .

========================================================================
Received Prepare
Registering precompiled user dll's ...
Registered in 0.004865 seconds.
Begin MonoManager ReloadAssembly
Native extension for WindowsStandalone target not found
Refreshing native plugins compatible for Editor in 0.34 ms, found 2 plugins.
Preloading 0 native plugins for Editor in 0.00 ms.
Mono: successfully reloaded assembly
- Completed reload, in  1.088 seconds
Platform modules already initialized, skipping
Refreshing native plugins compatible for Editor in 0.34 ms, found 2 plugins.
Preloading 0 native plugins for Editor in 0.00 ms.
Unloading 1773 Unused Serialized files (Serialized files now loaded: 0)
System memory in use before: 101.7 MB.
System memory in use after: 101.8 MB.

Unloading 15 unused Assets to reduce memory usage. Loaded Objects now: 2261.
Total: 2.186200 ms (FindLiveObjects: 0.194600 ms CreateObjectMapping: 0.073400 ms MarkObjects: 1.861500 ms  DeleteObjects: 0.055800 ms)

AssetImportParameters requested are different than current active one (requested -> active):
  custom:framework-win-MediaFoundation: 216162199b28c13a410421893ffa2e32 -> 
  custom:video-decoder-ogg-theora: a1e56fd34408186e4bbccfd4996cb3dc -> 
  custom:container-muxer-webm: aa71ff27fc2769a1b78a27578f13a17b -> 
  custom:container-demuxer-webm: 4f35f7cbe854078d1ac9338744f61a02 -> 
  custom:container-demuxer-ogg: 62fdf1f143b41e24485cea50d1cbac27 -> 
  custom:video-encoder-webm-vp8: eb34c28f22e8b96e1ab97ce403110664 -> 
  custom:video-codec-MediaFoundation-h265: 746d11721c4dcdbdad8f713fa42b33f4 -> 
  custom:video-decoder-webm-vp8: 9c59270c3fd7afecdb556c50c9e8de78 -> 
  custom:audio-decoder-ogg-vorbis: bf7c407c2cedff20999df2af8eb42d56 -> 
  custom:audio-encoder-webm-vorbis: bf7c407c2cedff20999df2af8eb42d56 -> 
========================================================================
Received Import Request.
  Time since last request: 87.635248 seconds.
  path: Assets/New Animation Models/New_Forward.fbx
  artifactKey: Guid(2d75f6525b257a44da4293f4cc6052ce) Importer(815301076,1909f56bfc062723c751e8b465ee728b)
Start importing Assets/New Animation Models/New_Forward.fbx using Guid(2d75f6525b257a44da4293f4cc6052ce) Importer(815301076,1909f56bfc062723c751e8b465ee728b)  -> (artifact id: 'ec28ee149a67b42af7d7fa5978fafd45') in 0.068761 seconds 
  Import took 0.071730 seconds .

========================================================================
Received Import Request.
  Time since last request: 36.028795 seconds.
  path: Assets/New Animation Models/New_Forward.fbx
  artifactKey: Guid(2d75f6525b257a44da4293f4cc6052ce) Importer(815301076,1909f56bfc062723c751e8b465ee728b)
Start importing Assets/New Animation Models/New_Forward.fbx using Guid(2d75f6525b257a44da4293f4cc6052ce) Importer(815301076,1909f56bfc062723c751e8b465ee728b)  -> (artifact id: '21febf05cd3c8510fb5ab38917f9f60b') in 0.021673 seconds 
  Import took 0.024525 seconds .

========================================================================
Received Import Request.
  Time since last request: 45.002699 seconds.
  path: Assets/New Animation Models/New_Forward.fbx
  artifactKey: Guid(2d75f6525b257a44da4293f4cc6052ce) Importer(815301076,1909f56bfc062723c751e8b465ee728b)
Start importing Assets/New Animation Models/New_Forward.fbx using Guid(2d75f6525b257a44da4293f4cc6052ce) Importer(815301076,1909f56bfc062723c751e8b465ee728b)  -> (artifact id: '68db6b98808dfabdd5f900bb5a1ed538') in 0.024632 seconds 
  Import took 0.028198 seconds .

========================================================================
Received Import Request.
  Time since last request: 4.466834 seconds.
  path: Assets/New Animation Models/New_Forward.fbx
  artifactKey: Guid(2d75f6525b257a44da4293f4cc6052ce) Importer(815301076,1909f56bfc062723c751e8b465ee728b)
Start importing Assets/New Animation Models/New_Forward.fbx using Guid(2d75f6525b257a44da4293f4cc6052ce) Importer(815301076,1909f56bfc062723c751e8b465ee728b)  -> (artifact id: 'c554b1073786063e765cf429c29b6b82') in 0.019870 seconds 
  Import took 0.023180 seconds .

========================================================================
Received Import Request.
  Time since last request: 131.274081 seconds.
  path: Assets/New Animation Models/New_Backward.fbx
  artifactKey: Guid(aed5d5408fa0ead43b441fbc3aba1360) Importer(815301076,1909f56bfc062723c751e8b465ee728b)
Start importing Assets/New Animation Models/New_Backward.fbx using Guid(aed5d5408fa0ead43b441fbc3aba1360) Importer(815301076,1909f56bfc062723c751e8b465ee728b)  -> (artifact id: 'f97edd1e2d998e468f8257433d5c0439') in 0.010273 seconds 
  Import took 0.013396 seconds .

========================================================================
Received Import Request.
  Time since last request: 387.317629 seconds.
  path: Assets/New Animation Models/New_Idle.fbx
  artifactKey: Guid(71356a9566b329c4aaffbcfa39453706) Importer(815301076,1909f56bfc062723c751e8b465ee728b)
Start importing Assets/New Animation Models/New_Idle.fbx using Guid(71356a9566b329c4aaffbcfa39453706) Importer(815301076,1909f56bfc062723c751e8b465ee728b)  -> (artifact id: '92cfae53abfcba29186a5c21240a68ab') in 0.075036 seconds 
  Import took 0.078894 seconds .

========================================================================
Received Import Request.
  Time since last request: 1.802848 seconds.
  path: Assets/New Animation Models/New_Shooting.fbx
  artifactKey: Guid(370f880156f3fa5439f47f38ac5295ab) Importer(815301076,1909f56bfc062723c751e8b465ee728b)
Start importing Assets/New Animation Models/New_Shooting.fbx using Guid(370f880156f3fa5439f47f38ac5295ab) Importer(815301076,1909f56bfc062723c751e8b465ee728b)  -> (artifact id: 'c34c79eb1a923a8510e7d5f8b9fdfe21') in 0.043965 seconds 
  Import took 0.046839 seconds .

========================================================================
Received Import Request.
  Time since last request: 0.818636 seconds.
  path: Assets/New Animation Models/New_Forward_L.fbx
  artifactKey: Guid(a1e35cbf6864d464d83a438b8a61d43a) Importer(815301076,1909f56bfc062723c751e8b465ee728b)
Start importing Assets/New Animation Models/New_Forward_L.fbx using Guid(a1e35cbf6864d464d83a438b8a61d43a) Importer(815301076,1909f56bfc062723c751e8b465ee728b)  -> (artifact id: '1fdb33c6680e381969badb5daf50e9b2') in 0.035453 seconds 
  Import took 0.038575 seconds .

========================================================================
Received Import Request.
  Time since last request: 8.625716 seconds.
  path: Assets/New Animation Models/New_Forward_L.fbx
  artifactKey: Guid(a1e35cbf6864d464d83a438b8a61d43a) Importer(815301076,1909f56bfc062723c751e8b465ee728b)
Start importing Assets/New Animation Models/New_Forward_L.fbx using Guid(a1e35cbf6864d464d83a438b8a61d43a) Importer(815301076,1909f56bfc062723c751e8b465ee728b)  -> (artifact id: '1d9d8e95881f4959dc09558096f55d37') in 0.038473 seconds 
  Import took 0.042797 seconds .

========================================================================
Received Import Request.
  Time since last request: 2.888854 seconds.
  path: Assets/New Animation Models/New_Idle.fbx
  artifactKey: Guid(71356a9566b329c4aaffbcfa39453706) Importer(815301076,1909f56bfc062723c751e8b465ee728b)
Start importing Assets/New Animation Models/New_Idle.fbx using Guid(71356a9566b329c4aaffbcfa39453706) Importer(815301076,1909f56bfc062723c751e8b465ee728b)  -> (artifact id: 'a62ec7ea1224c0b5c1fb7c902c586fdb') in 0.043500 seconds 
  Import took 0.046754 seconds .

========================================================================
Received Import Request.
  Time since last request: 9.140346 seconds.
  path: Assets/New Animation Models/New_Forward_R.fbx
  artifactKey: Guid(d64ce7c866ec7c14ba5c9a58d4d817dd) Importer(815301076,1909f56bfc062723c751e8b465ee728b)
Start importing Assets/New Animation Models/New_Forward_R.fbx using Guid(d64ce7c866ec7c14ba5c9a58d4d817dd) Importer(815301076,1909f56bfc062723c751e8b465ee728b)  -> (artifact id: '4561612f25773a0b5085c89dd53982a6') in 0.039806 seconds 
  Import took 0.042769 seconds .

========================================================================
Received Import Request.
  Time since last request: 16.962431 seconds.
  path: Assets/New Animation Models/New_Forward_L.fbx
  artifactKey: Guid(a1e35cbf6864d464d83a438b8a61d43a) Importer(815301076,1909f56bfc062723c751e8b465ee728b)
Start importing Assets/New Animation Models/New_Forward_L.fbx using Guid(a1e35cbf6864d464d83a438b8a61d43a) Importer(815301076,1909f56bfc062723c751e8b465ee728b)  -> (artifact id: '47d61b0d5c49965edc17de73265028e9') in 0.052234 seconds 
  Import took 0.056357 seconds .

========================================================================
Received Import Request.
  Time since last request: 2.369394 seconds.
  path: Assets/New Animation Models/New_Jump.fbx
  artifactKey: Guid(708042d74aa50d7459bce5d80c45fa29) Importer(815301076,1909f56bfc062723c751e8b465ee728b)
Start importing Assets/New Animation Models/New_Jump.fbx using Guid(708042d74aa50d7459bce5d80c45fa29) Importer(815301076,1909f56bfc062723c751e8b465ee728b)  -> (artifact id: '6e5e366bd2b053dfcd8e1e40db76dc75') in 0.046923 seconds 
  Import took 0.050462 seconds .

========================================================================
Received Import Request.
  Time since last request: 1.363153 seconds.
  path: Assets/New Animation Models/New_Forward.fbx
  artifactKey: Guid(2d75f6525b257a44da4293f4cc6052ce) Importer(815301076,1909f56bfc062723c751e8b465ee728b)
Start importing Assets/New Animation Models/New_Forward.fbx using Guid(2d75f6525b257a44da4293f4cc6052ce) Importer(815301076,1909f56bfc062723c751e8b465ee728b)  -> (artifact id: '51e0880de4a63ce0cb6ad9ab592b455b') in 0.045935 seconds 
  Import took 0.049049 seconds .

========================================================================
Received Import Request.
  Time since last request: 11.006811 seconds.
  path: Assets/New Animation Models/New_Jump.fbx
  artifactKey: Guid(708042d74aa50d7459bce5d80c45fa29) Importer(815301076,1909f56bfc062723c751e8b465ee728b)
Start importing Assets/New Animation Models/New_Jump.fbx using Guid(708042d74aa50d7459bce5d80c45fa29) Importer(815301076,1909f56bfc062723c751e8b465ee728b)  -> (artifact id: 'e7e9850c0002c6180e298b3ac9a1dc23') in 0.036821 seconds 
  Import took 0.039782 seconds .

========================================================================
Received Import Request.
  Time since last request: 2.923310 seconds.
  path: Assets/New Animation Models/New_Forward_R.fbx
  artifactKey: Guid(d64ce7c866ec7c14ba5c9a58d4d817dd) Importer(815301076,1909f56bfc062723c751e8b465ee728b)
Start importing Assets/New Animation Models/New_Forward_R.fbx using Guid(d64ce7c866ec7c14ba5c9a58d4d817dd) Importer(815301076,1909f56bfc062723c751e8b465ee728b)  -> (artifact id: 'aadeaaa531e42d0c86616ff4d5493176') in 0.044155 seconds 
  Import took 0.047234 seconds .

========================================================================
Received Import Request.
  Time since last request: 39.663849 seconds.
  path: Assets/Animations/JumpLower.mask
  artifactKey: Guid(f3c6ffa8a0e2f76448bbdb944987b464) Importer(815301076,1909f56bfc062723c751e8b465ee728b)
Start importing Assets/Animations/JumpLower.mask using Guid(f3c6ffa8a0e2f76448bbdb944987b464) Importer(815301076,1909f56bfc062723c751e8b465ee728b)  -> (artifact id: 'd6315938728b2a9804c9a1e1d53bf367') in 0.011614 seconds 
  Import took 0.014994 seconds .

========================================================================
Received Import Request.
  Time since last request: 0.000868 seconds.
  path: Assets/Animations/JumpLower.mask
  artifactKey: Guid(f3c6ffa8a0e2f76448bbdb944987b464) Importer(815301076,1909f56bfc062723c751e8b465ee728b)
Start importing Assets/Animations/JumpLower.mask using Guid(f3c6ffa8a0e2f76448bbdb944987b464) Importer(815301076,1909f56bfc062723c751e8b465ee728b)  -> (artifact id: 'd6315938728b2a9804c9a1e1d53bf367') in 0.003354 seconds 
  Import took 0.005938 seconds .

========================================================================
Received Import Request.
  Time since last request: 32.556767 seconds.
  path: Assets/New Animation Models/mixamo.com.anim
  artifactKey: Guid(9f152d57ebdecd04fb2e6cbcff76d37d) Importer(815301076,1909f56bfc062723c751e8b465ee728b)
Start importing Assets/New Animation Models/mixamo.com.anim using Guid(9f152d57ebdecd04fb2e6cbcff76d37d) Importer(815301076,1909f56bfc062723c751e8b465ee728b)  -> (artifact id: '72b01873600e45400346b6a5c47ccd38') in 0.026819 seconds 
  Import took 0.029869 seconds .

========================================================================
Received Import Request.
  Time since last request: 4.606116 seconds.
  path: Assets/New Animation Models/New_Idle.anim
  artifactKey: Guid(9f152d57ebdecd04fb2e6cbcff76d37d) Importer(815301076,1909f56bfc062723c751e8b465ee728b)
Start importing Assets/New Animation Models/New_Idle.anim using Guid(9f152d57ebdecd04fb2e6cbcff76d37d) Importer(815301076,1909f56bfc062723c751e8b465ee728b)  -> (artifact id: '85da020395f2839ac371e614f3484bc5') in 0.024613 seconds 
  Import took 0.027393 seconds .

========================================================================
Received Import Request.
  Time since last request: 17.203220 seconds.
  path: Assets/New Animation Models/mixamo.com.anim
  artifactKey: Guid(933c387f9d57bdc4eb1bf3e954089166) Importer(815301076,1909f56bfc062723c751e8b465ee728b)
Start importing Assets/New Animation Models/mixamo.com.anim using Guid(933c387f9d57bdc4eb1bf3e954089166) Importer(815301076,1909f56bfc062723c751e8b465ee728b)  -> (artifact id: 'fee3b30f5db67a0b095bf85394ad6c88') in 0.017733 seconds 
  Import took 0.022579 seconds .

========================================================================
Received Import Request.
  Time since last request: 4.414000 seconds.
  path: Assets/New Animation Models/New_Forward.anim
  artifactKey: Guid(933c387f9d57bdc4eb1bf3e954089166) Importer(815301076,1909f56bfc062723c751e8b465ee728b)
Start importing Assets/New Animation Models/New_Forward.anim using Guid(933c387f9d57bdc4eb1bf3e954089166) Importer(815301076,1909f56bfc062723c751e8b465ee728b)  -> (artifact id: '1d845206e8ddf82679ea907d800fd61d') in 0.013021 seconds 
  Import took 0.016741 seconds .

========================================================================
Received Import Request.
  Time since last request: 60.223730 seconds.
  path: Assets/New Animation Models/New_Backward.fbx
  artifactKey: Guid(aed5d5408fa0ead43b441fbc3aba1360) Importer(815301076,1909f56bfc062723c751e8b465ee728b)
Start importing Assets/New Animation Models/New_Backward.fbx using Guid(aed5d5408fa0ead43b441fbc3aba1360) Importer(815301076,1909f56bfc062723c751e8b465ee728b)  -> (artifact id: 'dd914e63a4e89b75084690f4a9401c2b') in 0.042477 seconds 
  Import took 0.046507 seconds .

========================================================================
Received Import Request.
  Time since last request: 0.000184 seconds.
  path: Assets/New Animation Models/New_Shooting.fbx
  artifactKey: Guid(370f880156f3fa5439f47f38ac5295ab) Importer(815301076,1909f56bfc062723c751e8b465ee728b)
Start importing Assets/New Animation Models/New_Shooting.fbx using Guid(370f880156f3fa5439f47f38ac5295ab) Importer(815301076,1909f56bfc062723c751e8b465ee728b)  -> (artifact id: '2ee03fe7b0325e08ddbebd5fa4195f98') in 0.039707 seconds 
  Import took 0.042874 seconds .

========================================================================
Received Import Request.
  Time since last request: 0.000188 seconds.
  path: Assets/New Animation Models/New_Backward_R.fbx
  artifactKey: Guid(71bad6724bb6d5443a627ff5569a61f1) Importer(815301076,1909f56bfc062723c751e8b465ee728b)
Start importing Assets/New Animation Models/New_Backward_R.fbx using Guid(71bad6724bb6d5443a627ff5569a61f1) Importer(815301076,1909f56bfc062723c751e8b465ee728b)  -> (artifact id: '31ecbb974e4bb92b653804c20ee56bdf') in 0.039049 seconds 
  Import took 0.042001 seconds .

========================================================================
Received Import Request.
  Time since last request: 0.000215 seconds.
  path: Assets/New Animation Models/New_Backward_L.fbx
  artifactKey: Guid(b391664c564cdb44b90cb1d777b2fa6c) Importer(815301076,1909f56bfc062723c751e8b465ee728b)
Start importing Assets/New Animation Models/New_Backward_L.fbx using Guid(b391664c564cdb44b90cb1d777b2fa6c) Importer(815301076,1909f56bfc062723c751e8b465ee728b)  -> (artifact id: 'f25ad0bce37b8b7fd3f063c552753814') in 0.037268 seconds 
  Import took 0.040189 seconds .

========================================================================
Received Import Request.
  Time since last request: 0.002746 seconds.
  path: Assets/New Animation Models/New_Backward_L.fbx
  artifactKey: Guid(b391664c564cdb44b90cb1d777b2fa6c) Importer(815301076,1909f56bfc062723c751e8b465ee728b)
Start importing Assets/New Animation Models/New_Backward_L.fbx using Guid(b391664c564cdb44b90cb1d777b2fa6c) Importer(815301076,1909f56bfc062723c751e8b465ee728b)  -> (artifact id: 'f25ad0bce37b8b7fd3f063c552753814') in 0.041745 seconds 
  Import took 0.045165 seconds .

========================================================================
Received Import Request.
  Time since last request: 5.392858 seconds.
  path: Assets/New Animation Models/mixamo.com.anim
  artifactKey: Guid(2b62327f57f364d4e825e7e61633e2e8) Importer(815301076,1909f56bfc062723c751e8b465ee728b)
Start importing Assets/New Animation Models/mixamo.com.anim using Guid(2b62327f57f364d4e825e7e61633e2e8) Importer(815301076,1909f56bfc062723c751e8b465ee728b)  -> (artifact id: '2a06d5e3e4ab1bf31a5e8b496cc83b7d') in 0.011513 seconds 
  Import took 0.014776 seconds .

========================================================================
Received Import Request.
  Time since last request: 4.424404 seconds.
  path: Assets/New Animation Models/New_Backward.anim
  artifactKey: Guid(2b62327f57f364d4e825e7e61633e2e8) Importer(815301076,1909f56bfc062723c751e8b465ee728b)
Start importing Assets/New Animation Models/New_Backward.anim using Guid(2b62327f57f364d4e825e7e61633e2e8) Importer(815301076,1909f56bfc062723c751e8b465ee728b)  -> (artifact id: '10729129d95de1694fd3ffc41255f62a') in 0.010353 seconds 
  Import took 0.013406 seconds .

========================================================================
Received Import Request.
  Time since last request: 17.714449 seconds.
  path: Assets/New Animation Models/mixamo.com.anim
  artifactKey: Guid(3a414228826716a45b3268f5fc699591) Importer(815301076,1909f56bfc062723c751e8b465ee728b)
Start importing Assets/New Animation Models/mixamo.com.anim using Guid(3a414228826716a45b3268f5fc699591) Importer(815301076,1909f56bfc062723c751e8b465ee728b)  -> (artifact id: '3e86abe89588ee024c91d7957a3b8dfc') in 0.009681 seconds 
  Import took 0.012796 seconds .

========================================================================
Received Import Request.
  Time since last request: 5.007449 seconds.
  path: Assets/New Animation Models/New_Backward_L.anim
  artifactKey: Guid(3a414228826716a45b3268f5fc699591) Importer(815301076,1909f56bfc062723c751e8b465ee728b)
Start importing Assets/New Animation Models/New_Backward_L.anim using Guid(3a414228826716a45b3268f5fc699591) Importer(815301076,1909f56bfc062723c751e8b465ee728b)  -> (artifact id: 'b448a03d20763c3bc3c9c78ec8e40702') in 0.013232 seconds 
  Import took 0.016439 seconds .

========================================================================
Received Import Request.
  Time since last request: 14.801872 seconds.
  path: Assets/New Animation Models/mixamo.com.anim
  artifactKey: Guid(367567c6634bd8e43a8f19b51e6af195) Importer(815301076,1909f56bfc062723c751e8b465ee728b)
Start importing Assets/New Animation Models/mixamo.com.anim using Guid(367567c6634bd8e43a8f19b51e6af195) Importer(815301076,1909f56bfc062723c751e8b465ee728b)  -> (artifact id: 'c7336709e802a091b198e0a5f186912e') in 0.013211 seconds 
  Import took 0.016934 seconds .

========================================================================
Received Import Request.
  Time since last request: 5.211040 seconds.
  path: Assets/New Animation Models/New_Backward_R.anim
  artifactKey: Guid(367567c6634bd8e43a8f19b51e6af195) Importer(815301076,1909f56bfc062723c751e8b465ee728b)
Start importing Assets/New Animation Models/New_Backward_R.anim using Guid(367567c6634bd8e43a8f19b51e6af195) Importer(815301076,1909f56bfc062723c751e8b465ee728b)  -> (artifact id: 'e9b9bf7d5cddc6eaaab6d0ae4ab4a9b6') in 0.013474 seconds 
  Import took 0.017635 seconds .

========================================================================
Received Prepare
Registering precompiled user dll's ...
Registered in 0.005503 seconds.
Begin MonoManager ReloadAssembly
Native extension for WindowsStandalone target not found
Refreshing native plugins compatible for Editor in 0.59 ms, found 2 plugins.
Preloading 0 native plugins for Editor in 0.00 ms.
Mono: successfully reloaded assembly
- Completed reload, in  1.074 seconds
Platform modules already initialized, skipping
Refreshing native plugins compatible for Editor in 0.35 ms, found 2 plugins.
Preloading 0 native plugins for Editor in 0.00 ms.
Unloading 1773 Unused Serialized files (Serialized files now loaded: 0)
System memory in use before: 102.2 MB.
System memory in use after: 102.2 MB.

Unloading 16 unused Assets to reduce memory usage. Loaded Objects now: 2298.
Total: 2.298800 ms (FindLiveObjects: 0.200000 ms CreateObjectMapping: 0.074300 ms MarkObjects: 1.965700 ms  DeleteObjects: 0.057600 ms)

AssetImportParameters requested are different than current active one (requested -> active):
  custom:framework-win-MediaFoundation: 216162199b28c13a410421893ffa2e32 -> 
  custom:video-decoder-ogg-theora: a1e56fd34408186e4bbccfd4996cb3dc -> 
  custom:container-muxer-webm: aa71ff27fc2769a1b78a27578f13a17b -> 
  custom:container-demuxer-webm: 4f35f7cbe854078d1ac9338744f61a02 -> 
  custom:container-demuxer-ogg: 62fdf1f143b41e24485cea50d1cbac27 -> 
  custom:video-encoder-webm-vp8: eb34c28f22e8b96e1ab97ce403110664 -> 
  custom:video-codec-MediaFoundation-h265: 746d11721c4dcdbdad8f713fa42b33f4 -> 
  custom:video-decoder-webm-vp8: 9c59270c3fd7afecdb556c50c9e8de78 -> 
  custom:audio-decoder-ogg-vorbis: bf7c407c2cedff20999df2af8eb42d56 -> 
  custom:audio-encoder-webm-vorbis: bf7c407c2cedff20999df2af8eb42d56 -> 
========================================================================
Received Import Request.
  Time since last request: 240.348921 seconds.
  path: Assets/New Animation Models/mixamo.com.anim
  artifactKey: Guid(6940faf54f869114b9226c8568debc39) Importer(815301076,1909f56bfc062723c751e8b465ee728b)
Start importing Assets/New Animation Models/mixamo.com.anim using Guid(6940faf54f869114b9226c8568debc39) Importer(815301076,1909f56bfc062723c751e8b465ee728b)  -> (artifact id: '1b0870f9d688ffe74776e6a72bcc9e13') in 0.015404 seconds 
  Import took 0.017881 seconds .

========================================================================
Received Import Request.
  Time since last request: 3.025790 seconds.
  path: Assets/New Animation Models/New_Shooting.anim
  artifactKey: Guid(6940faf54f869114b9226c8568debc39) Importer(815301076,1909f56bfc062723c751e8b465ee728b)
Start importing Assets/New Animation Models/New_Shooting.anim using Guid(6940faf54f869114b9226c8568debc39) Importer(815301076,1909f56bfc062723c751e8b465ee728b)  -> (artifact id: 'da4fac358a98b9125fcccb15398f388c') in 0.009909 seconds 
  Import took 0.013030 seconds .

========================================================================
Received Import Request.
  Time since last request: 17.708208 seconds.
  path: Assets/New Animation Models/mixamo.com.anim
  artifactKey: Guid(07f71686b12099549a010fffcaabf0c9) Importer(815301076,1909f56bfc062723c751e8b465ee728b)
Start importing Assets/New Animation Models/mixamo.com.anim using Guid(07f71686b12099549a010fffcaabf0c9) Importer(815301076,1909f56bfc062723c751e8b465ee728b)  -> (artifact id: 'd69dde04c2fbc7ac630e913d2bdfd8da') in 0.010100 seconds 
  Import took 0.013401 seconds .

========================================================================
Received Import Request.
  Time since last request: 5.564304 seconds.
  path: Assets/New Animation Models/New_Jump.anim
  artifactKey: Guid(07f71686b12099549a010fffcaabf0c9) Importer(815301076,1909f56bfc062723c751e8b465ee728b)
Start importing Assets/New Animation Models/New_Jump.anim using Guid(07f71686b12099549a010fffcaabf0c9) Importer(815301076,1909f56bfc062723c751e8b465ee728b)  -> (artifact id: '10bb6281179166f1c2cb39558ffde578') in 0.016321 seconds 
  Import took 0.019810 seconds .

========================================================================
Received Import Request.
  Time since last request: 121.434045 seconds.
  path: Assets/New Animation Models/New_Right.anim
  artifactKey: Guid(44c13827b89c90c4c9aa7558a049559f) Importer(815301076,1909f56bfc062723c751e8b465ee728b)
Start importing Assets/New Animation Models/New_Right.anim using Guid(44c13827b89c90c4c9aa7558a049559f) Importer(815301076,1909f56bfc062723c751e8b465ee728b)  -> (artifact id: '81c84dd589e0ff7537fd4c9664785b4a') in 0.010888 seconds 
  Import took 0.014334 seconds .

========================================================================
Received Import Request.
  Time since last request: 5.314432 seconds.
  path: Assets/New Animation Models/New_Left.anim
  artifactKey: Guid(3ea025c4ecf41d6418bcba9796e26780) Importer(815301076,1909f56bfc062723c751e8b465ee728b)
Start importing Assets/New Animation Models/New_Left.anim using Guid(3ea025c4ecf41d6418bcba9796e26780) Importer(815301076,1909f56bfc062723c751e8b465ee728b)  -> (artifact id: '3ee7518522a0abe3dc11a7e9cd0d6e7f') in 0.012404 seconds 
  Import took 0.015338 seconds .

========================================================================
Received Import Request.
  Time since last request: 1.254491 seconds.
  path: Assets/New Animation Models/New_Left.fbx
  artifactKey: Guid(8ae97d29cc21da4428391db5ac192e82) Importer(815301076,1909f56bfc062723c751e8b465ee728b)
Start importing Assets/New Animation Models/New_Left.fbx using Guid(8ae97d29cc21da4428391db5ac192e82) Importer(815301076,1909f56bfc062723c751e8b465ee728b)  -> (artifact id: 'e0cfa014f1ef6cace49d991f515e7ba5') in 0.102214 seconds 
  Import took 0.105612 seconds .

========================================================================
Received Prepare
Registering precompiled user dll's ...
Registered in 0.008950 seconds.
Begin MonoManager ReloadAssembly
Native extension for WindowsStandalone target not found
Refreshing native plugins compatible for Editor in 0.35 ms, found 2 plugins.
Preloading 0 native plugins for Editor in 0.00 ms.
Mono: successfully reloaded assembly
- Completed reload, in  1.159 seconds
Platform modules already initialized, skipping
Refreshing native plugins compatible for Editor in 0.32 ms, found 2 plugins.
Preloading 0 native plugins for Editor in 0.00 ms.
Unloading 1773 Unused Serialized files (Serialized files now loaded: 0)
System memory in use before: 102.2 MB.
System memory in use after: 102.3 MB.

Unloading 15 unused Assets to reduce memory usage. Loaded Objects now: 2302.
Total: 1.964000 ms (FindLiveObjects: 0.171900 ms CreateObjectMapping: 0.059300 ms MarkObjects: 1.687300 ms  DeleteObjects: 0.044600 ms)

AssetImportParameters requested are different than current active one (requested -> active):
  custom:framework-win-MediaFoundation: 216162199b28c13a410421893ffa2e32 -> 
  custom:video-decoder-ogg-theora: a1e56fd34408186e4bbccfd4996cb3dc -> 
  custom:container-muxer-webm: aa71ff27fc2769a1b78a27578f13a17b -> 
  custom:container-demuxer-webm: 4f35f7cbe854078d1ac9338744f61a02 -> 
  custom:container-demuxer-ogg: 62fdf1f143b41e24485cea50d1cbac27 -> 
  custom:video-encoder-webm-vp8: eb34c28f22e8b96e1ab97ce403110664 -> 
  custom:video-codec-MediaFoundation-h265: 746d11721c4dcdbdad8f713fa42b33f4 -> 
  custom:video-decoder-webm-vp8: 9c59270c3fd7afecdb556c50c9e8de78 -> 
  custom:audio-decoder-ogg-vorbis: bf7c407c2cedff20999df2af8eb42d56 -> 
  custom:audio-encoder-webm-vorbis: bf7c407c2cedff20999df2af8eb42d56 -> 
========================================================================
Received Import Request.
  Time since last request: 38.999324 seconds.
  path: Assets/New Animation Models/New_Left.fbx
  artifactKey: Guid(8ae97d29cc21da4428391db5ac192e82) Importer(815301076,1909f56bfc062723c751e8b465ee728b)
Start importing Assets/New Animation Models/New_Left.fbx using Guid(8ae97d29cc21da4428391db5ac192e82) Importer(815301076,1909f56bfc062723c751e8b465ee728b)  -> (artifact id: 'ed7c6ccb03ff41aee4f53291a49cb469') in 0.089094 seconds 
  Import took 0.091966 seconds .

========================================================================
Received Import Request.
  Time since last request: 2.576608 seconds.
  path: Assets/New Animation Models/New_Right.fbx
  artifactKey: Guid(bd2d1985669934a4dba0e0053ccdd2f1) Importer(815301076,1909f56bfc062723c751e8b465ee728b)
Start importing Assets/New Animation Models/New_Right.fbx using Guid(bd2d1985669934a4dba0e0053ccdd2f1) Importer(815301076,1909f56bfc062723c751e8b465ee728b)  -> (artifact id: '6b59b6cbc50a4778e92eb30374be124f') in 0.047885 seconds 
  Import took 0.051587 seconds .

========================================================================
Received Import Request.
  Time since last request: 3.005754 seconds.
  path: Assets/New Animation Models/New_Right.fbx
  artifactKey: Guid(bd2d1985669934a4dba0e0053ccdd2f1) Importer(815301076,1909f56bfc062723c751e8b465ee728b)
Start importing Assets/New Animation Models/New_Right.fbx using Guid(bd2d1985669934a4dba0e0053ccdd2f1) Importer(815301076,1909f56bfc062723c751e8b465ee728b)  -> (artifact id: '4673f47b3224bb007d54add05be183a7') in 0.043173 seconds 
  Import took 0.046202 seconds .

========================================================================
Received Import Request.
  Time since last request: 9.275424 seconds.
  path: Assets/New Animation Models/New_Right.fbx
  artifactKey: Guid(bd2d1985669934a4dba0e0053ccdd2f1) Importer(815301076,1909f56bfc062723c751e8b465ee728b)
Start importing Assets/New Animation Models/New_Right.fbx using Guid(bd2d1985669934a4dba0e0053ccdd2f1) Importer(815301076,1909f56bfc062723c751e8b465ee728b)  -> (artifact id: '32ac47a7827de8ce3f52fdd99678d15c') in 0.038467 seconds 
  Import took 0.042057 seconds .

========================================================================
Received Import Request.
  Time since last request: 10.783019 seconds.
  path: Assets/New Animation Models/New_Left.fbx
  artifactKey: Guid(8ae97d29cc21da4428391db5ac192e82) Importer(815301076,1909f56bfc062723c751e8b465ee728b)
Start importing Assets/New Animation Models/New_Left.fbx using Guid(8ae97d29cc21da4428391db5ac192e82) Importer(815301076,1909f56bfc062723c751e8b465ee728b)  -> (artifact id: 'f491dde817c408949ba1fb874368a986') in 0.052060 seconds 
  Import took 0.059064 seconds .

========================================================================
Received Import Request.
  Time since last request: 5.897429 seconds.
  path: Assets/New Animation Models/mixamo.com.anim
  artifactKey: Guid(2ec725bca9ecba54180fbbe309c3538a) Importer(815301076,1909f56bfc062723c751e8b465ee728b)
Start importing Assets/New Animation Models/mixamo.com.anim using Guid(2ec725bca9ecba54180fbbe309c3538a) Importer(815301076,1909f56bfc062723c751e8b465ee728b)  -> (artifact id: '8b65c3df6f136f3150537b163ccf5e08') in 0.012256 seconds 
  Import took 0.016407 seconds .

========================================================================
Received Import Request.
  Time since last request: 6.657339 seconds.
  path: Assets/New Animation Models/New_Left.anim
  artifactKey: Guid(2ec725bca9ecba54180fbbe309c3538a) Importer(815301076,1909f56bfc062723c751e8b465ee728b)
Start importing Assets/New Animation Models/New_Left.anim using Guid(2ec725bca9ecba54180fbbe309c3538a) Importer(815301076,1909f56bfc062723c751e8b465ee728b)  -> (artifact id: '433f498bc8b8031ff5ef48183989c0e2') in 0.008724 seconds 
  Import took 0.011877 seconds .

========================================================================
Received Import Request.
  Time since last request: 4.750269 seconds.
  path: Assets/New Animation Models/mixamo.com.anim
  artifactKey: Guid(fed3a30068df98345a619c9977b92e3f) Importer(815301076,1909f56bfc062723c751e8b465ee728b)
Start importing Assets/New Animation Models/mixamo.com.anim using Guid(fed3a30068df98345a619c9977b92e3f) Importer(815301076,1909f56bfc062723c751e8b465ee728b)  -> (artifact id: 'c38ac544a85c68e93a8ad9300668e748') in 0.009911 seconds 
  Import took 0.012905 seconds .

========================================================================
Received Import Request.
  Time since last request: 4.649251 seconds.
  path: Assets/New Animation Models/New_Right.anim
  artifactKey: Guid(fed3a30068df98345a619c9977b92e3f) Importer(815301076,1909f56bfc062723c751e8b465ee728b)
Start importing Assets/New Animation Models/New_Right.anim using Guid(fed3a30068df98345a619c9977b92e3f) Importer(815301076,1909f56bfc062723c751e8b465ee728b)  -> (artifact id: '7afbdfc11897c0693c994c1aedab5dbd') in 0.012525 seconds 
  Import took 0.016928 seconds .

========================================================================
Received Prepare
Registering precompiled user dll's ...
Registered in 0.007105 seconds.
Begin MonoManager ReloadAssembly
Native extension for WindowsStandalone target not found
Refreshing native plugins compatible for Editor in 0.33 ms, found 2 plugins.
Preloading 0 native plugins for Editor in 0.00 ms.
Mono: successfully reloaded assembly
- Completed reload, in  1.070 seconds
Platform modules already initialized, skipping
Refreshing native plugins compatible for Editor in 0.32 ms, found 2 plugins.
Preloading 0 native plugins for Editor in 0.00 ms.
Unloading 1773 Unused Serialized files (Serialized files now loaded: 0)
System memory in use before: 102.2 MB.
System memory in use after: 102.3 MB.

Unloading 15 unused Assets to reduce memory usage. Loaded Objects now: 2306.
Total: 2.039200 ms (FindLiveObjects: 0.172100 ms CreateObjectMapping: 0.076900 ms MarkObjects: 1.743000 ms  DeleteObjects: 0.046200 ms)

AssetImportParameters requested are different than current active one (requested -> active):
  custom:framework-win-MediaFoundation: 216162199b28c13a410421893ffa2e32 -> 
  custom:video-decoder-ogg-theora: a1e56fd34408186e4bbccfd4996cb3dc -> 
  custom:container-muxer-webm: aa71ff27fc2769a1b78a27578f13a17b -> 
  custom:container-demuxer-webm: 4f35f7cbe854078d1ac9338744f61a02 -> 
  custom:container-demuxer-ogg: 62fdf1f143b41e24485cea50d1cbac27 -> 
  custom:video-encoder-webm-vp8: eb34c28f22e8b96e1ab97ce403110664 -> 
  custom:video-codec-MediaFoundation-h265: 746d11721c4dcdbdad8f713fa42b33f4 -> 
  custom:video-decoder-webm-vp8: 9c59270c3fd7afecdb556c50c9e8de78 -> 
  custom:audio-decoder-ogg-vorbis: bf7c407c2cedff20999df2af8eb42d56 -> 
  custom:audio-encoder-webm-vorbis: bf7c407c2cedff20999df2af8eb42d56 -> 
========================================================================
Received Prepare
Registering precompiled user dll's ...
Registered in 0.005517 seconds.
Begin MonoManager ReloadAssembly
Native extension for WindowsStandalone target not found
Refreshing native plugins compatible for Editor in 0.53 ms, found 2 plugins.
Preloading 0 native plugins for Editor in 0.00 ms.
Mono: successfully reloaded assembly
- Completed reload, in  2.456 seconds
Platform modules already initialized, skipping
Refreshing native plugins compatible for Editor in 0.63 ms, found 2 plugins.
Preloading 0 native plugins for Editor in 0.00 ms.
Unloading 1773 Unused Serialized files (Serialized files now loaded: 0)
System memory in use before: 102.2 MB.
System memory in use after: 102.3 MB.

Unloading 15 unused Assets to reduce memory usage. Loaded Objects now: 2309.
Total: 3.655500 ms (FindLiveObjects: 0.389400 ms CreateObjectMapping: 0.142900 ms MarkObjects: 3.051000 ms  DeleteObjects: 0.070800 ms)

AssetImportParameters requested are different than current active one (requested -> active):
  custom:framework-win-MediaFoundation: 216162199b28c13a410421893ffa2e32 -> 
  custom:video-decoder-ogg-theora: a1e56fd34408186e4bbccfd4996cb3dc -> 
  custom:container-muxer-webm: aa71ff27fc2769a1b78a27578f13a17b -> 
  custom:container-demuxer-webm: 4f35f7cbe854078d1ac9338744f61a02 -> 
  custom:container-demuxer-ogg: 62fdf1f143b41e24485cea50d1cbac27 -> 
  custom:video-encoder-webm-vp8: eb34c28f22e8b96e1ab97ce403110664 -> 
  custom:video-codec-MediaFoundation-h265: 746d11721c4dcdbdad8f713fa42b33f4 -> 
  custom:video-decoder-webm-vp8: 9c59270c3fd7afecdb556c50c9e8de78 -> 
  custom:audio-decoder-ogg-vorbis: bf7c407c2cedff20999df2af8eb42d56 -> 
  custom:audio-encoder-webm-vorbis: bf7c407c2cedff20999df2af8eb42d56 -> 
========================================================================
Received Prepare
Registering precompiled user dll's ...
Registered in 0.005339 seconds.
Begin MonoManager ReloadAssembly
Native extension for WindowsStandalone target not found
Refreshing native plugins compatible for Editor in 0.33 ms, found 2 plugins.
Preloading 0 native plugins for Editor in 0.00 ms.
Mono: successfully reloaded assembly
- Completed reload, in  1.332 seconds
Platform modules already initialized, skipping
Refreshing native plugins compatible for Editor in 0.45 ms, found 2 plugins.
Preloading 0 native plugins for Editor in 0.00 ms.
Unloading 1773 Unused Serialized files (Serialized files now loaded: 0)
System memory in use before: 102.2 MB.
System memory in use after: 102.3 MB.

Unloading 15 unused Assets to reduce memory usage. Loaded Objects now: 2312.
Total: 2.572400 ms (FindLiveObjects: 0.223300 ms CreateObjectMapping: 0.103600 ms MarkObjects: 2.183200 ms  DeleteObjects: 0.060900 ms)

AssetImportParameters requested are different than current active one (requested -> active):
  custom:framework-win-MediaFoundation: 216162199b28c13a410421893ffa2e32 -> 
  custom:video-decoder-ogg-theora: a1e56fd34408186e4bbccfd4996cb3dc -> 
  custom:container-muxer-webm: aa71ff27fc2769a1b78a27578f13a17b -> 
  custom:container-demuxer-webm: 4f35f7cbe854078d1ac9338744f61a02 -> 
  custom:container-demuxer-ogg: 62fdf1f143b41e24485cea50d1cbac27 -> 
  custom:video-encoder-webm-vp8: eb34c28f22e8b96e1ab97ce403110664 -> 
  custom:video-codec-MediaFoundation-h265: 746d11721c4dcdbdad8f713fa42b33f4 -> 
  custom:video-decoder-webm-vp8: 9c59270c3fd7afecdb556c50c9e8de78 -> 
  custom:audio-decoder-ogg-vorbis: bf7c407c2cedff20999df2af8eb42d56 -> 
  custom:audio-encoder-webm-vorbis: bf7c407c2cedff20999df2af8eb42d56 -> 
========================================================================
Received Import Request.
  Time since last request: 12347.066262 seconds.
  path: Assets/New Animation Models/New_Backward_L.anim
  artifactKey: Guid(3a414228826716a45b3268f5fc699591) Importer(815301076,1909f56bfc062723c751e8b465ee728b)
Start importing Assets/New Animation Models/New_Backward_L.anim using Guid(3a414228826716a45b3268f5fc699591) Importer(815301076,1909f56bfc062723c751e8b465ee728b)  -> (artifact id: 'e6e19ff9c4d2bcd8d1d6418a920e61ff') in 0.031402 seconds 
  Import took 0.035397 seconds .

========================================================================
Received Import Request.
  Time since last request: 10.641007 seconds.
  path: Assets/New Animation Models/New_Forward_L.anim
  artifactKey: Guid(003685c19e7c79543878f2093ca04d3f) Importer(815301076,1909f56bfc062723c751e8b465ee728b)
Start importing Assets/New Animation Models/New_Forward_L.anim using Guid(003685c19e7c79543878f2093ca04d3f) Importer(815301076,1909f56bfc062723c751e8b465ee728b)  -> (artifact id: '5599e1490cfdd4a80c443c316a958cd4') in 0.015460 seconds 
  Import took 0.018490 seconds .

========================================================================
Received Import Request.
  Time since last request: 0.001383 seconds.
  path: Assets/New Animation Models/New_Forward_L.anim
  artifactKey: Guid(003685c19e7c79543878f2093ca04d3f) Importer(815301076,1909f56bfc062723c751e8b465ee728b)
Start importing Assets/New Animation Models/New_Forward_L.anim using Guid(003685c19e7c79543878f2093ca04d3f) Importer(815301076,1909f56bfc062723c751e8b465ee728b)  -> (artifact id: '5599e1490cfdd4a80c443c316a958cd4') in 0.011527 seconds 
  Import took 0.014294 seconds .

========================================================================
Received Import Request.
  Time since last request: 3.581631 seconds.
  path: Assets/New Animation Models/New_Forward_R.anim
  artifactKey: Guid(653c6c8ffce6c2e4b871ddf3069feaa7) Importer(815301076,1909f56bfc062723c751e8b465ee728b)
Start importing Assets/New Animation Models/New_Forward_R.anim using Guid(653c6c8ffce6c2e4b871ddf3069feaa7) Importer(815301076,1909f56bfc062723c751e8b465ee728b)  -> (artifact id: 'c414e10353c317b379b246f08f1cb117') in 0.015709 seconds 
  Import took 0.019118 seconds .

========================================================================
Received Import Request.
  Time since last request: 3.579754 seconds.
  path: Assets/New Animation Models/New_Idle.anim
  artifactKey: Guid(9f152d57ebdecd04fb2e6cbcff76d37d) Importer(815301076,1909f56bfc062723c751e8b465ee728b)
Start importing Assets/New Animation Models/New_Idle.anim using Guid(9f152d57ebdecd04fb2e6cbcff76d37d) Importer(815301076,1909f56bfc062723c751e8b465ee728b)  -> (artifact id: '1d48bab2921ccf08541b3686780825ad') in 0.041828 seconds 
  Import took 0.044640 seconds .

========================================================================
Received Prepare
Registering precompiled user dll's ...
Registered in 0.007252 seconds.
Begin MonoManager ReloadAssembly
Native extension for WindowsStandalone target not found
Refreshing native plugins compatible for Editor in 0.55 ms, found 2 plugins.
Preloading 0 native plugins for Editor in 0.00 ms.
Mono: successfully reloaded assembly
- Completed reload, in  1.240 seconds
Platform modules already initialized, skipping
Refreshing native plugins compatible for Editor in 0.38 ms, found 2 plugins.
Preloading 0 native plugins for Editor in 0.00 ms.
Unloading 1773 Unused Serialized files (Serialized files now loaded: 0)
System memory in use before: 102.3 MB.
System memory in use after: 102.3 MB.

Unloading 15 unused Assets to reduce memory usage. Loaded Objects now: 2315.
Total: 2.349400 ms (FindLiveObjects: 0.222900 ms CreateObjectMapping: 0.075800 ms MarkObjects: 1.994700 ms  DeleteObjects: 0.054900 ms)

AssetImportParameters requested are different than current active one (requested -> active):
  custom:framework-win-MediaFoundation: 216162199b28c13a410421893ffa2e32 -> 
  custom:video-decoder-ogg-theora: a1e56fd34408186e4bbccfd4996cb3dc -> 
  custom:container-muxer-webm: aa71ff27fc2769a1b78a27578f13a17b -> 
  custom:container-demuxer-webm: 4f35f7cbe854078d1ac9338744f61a02 -> 
  custom:container-demuxer-ogg: 62fdf1f143b41e24485cea50d1cbac27 -> 
  custom:video-encoder-webm-vp8: eb34c28f22e8b96e1ab97ce403110664 -> 
  custom:video-codec-MediaFoundation-h265: 746d11721c4dcdbdad8f713fa42b33f4 -> 
  custom:video-decoder-webm-vp8: 9c59270c3fd7afecdb556c50c9e8de78 -> 
  custom:audio-decoder-ogg-vorbis: bf7c407c2cedff20999df2af8eb42d56 -> 
  custom:audio-encoder-webm-vorbis: bf7c407c2cedff20999df2af8eb42d56 -> 
